<?xml version="1.0" encoding="UTF-8"?>
<!-- Generated by org.testng.reporters.JUnitReportReporter -->
<testsuite skipped="0" hostname="Vivek-PC" name="com.qa.tests.ProductTest" tests="2" failures="0" timestamp="05 Jun 2021 13:54:15 GMT" time="55.421" errors="0">
  <testcase name="validateProductOnProductsDeatislPage" time="29.669" classname="com.qa.tests.ProductTest"/>
  <testcase name="validateProductOnProductPage" time="25.752" classname="com.qa.tests.ProductTest"/>
</testsuite> <!-- com.qa.tests.ProductTest -->
