<?xml version="1.0" encoding="UTF-8"?>
<!-- Generated by org.testng.reporters.JUnitReportReporter -->
<testsuite skipped="0" hostname="Vivek-PC" name="com.qa.tests.LoginTests" tests="3" failures="0" timestamp="05 Jun 2021 13:54:15 GMT" time="30.012" errors="0">
  <testcase name="invalidUserName" time="9.871" classname="com.qa.tests.LoginTests"/>
  <testcase name="InvalidPassword" time="11.030" classname="com.qa.tests.LoginTests"/>
  <testcase name="successFulLogin" time="9.111" classname="com.qa.tests.LoginTests"/>
</testsuite> <!-- com.qa.tests.LoginTests -->
