<?xml version="1.0" encoding="UTF-8"?>
<!-- Generated by org.testng.reporters.JUnitReportReporter -->
<testsuite skipped="0" hostname="Vivek-PC" name="com.qa.tests.ProductTest" tests="2" failures="0" timestamp="08 Jun 2021 10:20:43 GMT" time="42.262" errors="0">
  <testcase name="validateProductOnProductPage" time="19.426" classname="com.qa.tests.ProductTest"/>
  <testcase name="validateProductOnProductsDeatislPage" time="22.836" classname="com.qa.tests.ProductTest"/>
</testsuite> <!-- com.qa.tests.ProductTest -->
