<?xml version="1.0" encoding="UTF-8"?>
<!-- Generated by org.testng.reporters.JUnitReportReporter -->
<testsuite skipped="0" hostname="Vivek-PC" name="qa.mobile.Test1" tests="3" failures="0" timestamp="30 May 2021 12:25:56 GMT" time="17.415" errors="0">
  <testcase name="invalidUserName" time="6.243" classname="qa.mobile.Test1"/>
  <testcase name="InvalidPassword" time="4.526" classname="qa.mobile.Test1"/>
  <testcase name="successFulLogin" time="6.646" classname="qa.mobile.Test1"/>
</testsuite> <!-- qa.mobile.Test1 -->
